<?xml version="1.0" encoding="UTF-8"?>
<!-- Generated by org.testng.reporters.JUnitXMLReporter -->
<testsuite ignored="3" hostname="Macbook" failures="1" tests="4" name="RunMethodsInParallel" time="18.173" errors="0" timestamp="2025-05-18T18:36:14 IST">
  <testcase classname="testcases.ColorsPageTest" name="testMultiSelectColors" time="3.388">
    <failure type="java.lang.AssertionError" message="Should select 3 colors expected [3] but found [5]">
      <![CDATA[java.lang.AssertionError: Should select 3 colors expected [3] but found [5]
at testcases.ColorsPageTest.testMultiSelectColors(ColorsPageTest.java:23)
at java.base/java.util.concurrent.Executors$RunnableAdapter.call(Executors.java:572)
at java.base/java.util.concurrent.FutureTask.run(FutureTask.java:317)
at java.base/java.util.concurrent.ThreadPoolExecutor.runWorker(ThreadPoolExecutor.java:1144)
at java.base/java.util.concurrent.ThreadPoolExecutor$Worker.run(ThreadPoolExecutor.java:642)
at java.base/java.lang.Thread.run(Thread.java:1583)
... Removed 17 stack frames]]>
    </failure>
  </testcase> <!-- testMultiSelectColors -->
  <testcase classname="testcases.FormElementsTest" name="testFormSubmission" time="3.561"/>
  <testcase classname="testcases.DatePickerPageTest" name="testDatePicker" time="3.327"/>
  <testcase classname="testcases.SortedListPageTest" name="testSortedList" time="10.048"/>
  <testcase classname="base.BaseTest" name="@AfterSuite tearDownSuite" time="0.0">
    <ignored/>
  </testcase> <!-- @AfterSuite tearDownSuite -->
  <testcase classname="base.BaseTest" name="@AfterSuite tearDownSuite" time="0.0">
    <ignored/>
  </testcase> <!-- @AfterSuite tearDownSuite -->
  <testcase classname="base.BaseTest" name="@AfterSuite tearDownSuite" time="0.0">
    <ignored/>
  </testcase> <!-- @AfterSuite tearDownSuite -->
</testsuite> <!-- RunMethodsInParallel -->
