<?xml version="1.0" encoding="UTF-8"?>
<!-- Generated by org.testng.reporters.JUnitXMLReporter -->
<testsuite ignored="1" hostname="Macbook" failures="1" tests="2" name="ChromeTests" time="11.59" errors="0" timestamp="2025-05-18T20:54:31 IST">
  <testcase classname="testcases.FormElementsTest" name="testFormSubmission" time="0.367"/>
  <testcase classname="testcases.ColorsPageTest" name="testMultiSelectColors" time="0.19">
    <failure type="java.lang.AssertionError" message="Should select 3 colors expected [3] but found [5]">
      <![CDATA[java.lang.AssertionError: Should select 3 colors expected [3] but found [5]
at testcases.ColorsPageTest.testMultiSelectColors(ColorsPageTest.java:23)
at java.base/java.util.ArrayList.forEach(ArrayList.java:1596)
at java.base/java.util.concurrent.FutureTask.run(FutureTask.java:317)
at java.base/java.util.concurrent.ThreadPoolExecutor.runWorker(ThreadPoolExecutor.java:1144)
at java.base/java.util.concurrent.ThreadPoolExecutor$Worker.run(ThreadPoolExecutor.java:642)
at java.base/java.lang.Thread.run(Thread.java:1583)
... Removed 21 stack frames]]>
    </failure>
  </testcase> <!-- testMultiSelectColors -->
  <testcase classname="base.BaseTest" name="@AfterSuite tearDownSuite" time="0.0">
    <ignored/>
  </testcase> <!-- @AfterSuite tearDownSuite -->
</testsuite> <!-- ChromeTests -->
