<html>
<head>
<title>TestNG:  TestNGFullFeatureTest</title>
<link href="../testng.css" rel="stylesheet" type="text/css" />
<link href="../my-testng.css" rel="stylesheet" type="text/css" />

<style type="text/css">
.log { display: none;} 
.stack-trace { display: none;} 
</style>
<script type="text/javascript">
<!--
function flip(e) {
  current = e.style.display;
  if (current == 'block') {
    e.style.display = 'none';
    return 0;
  }
  else {
    e.style.display = 'block';
    return 1;
  }
}

function toggleBox(szDivId, elem, msg1, msg2)
{
  var res = -1;  if (document.getElementById) {
    res = flip(document.getElementById(szDivId));
  }
  else if (document.all) {
    // this is the way old msie versions work
    res = flip(document.all[szDivId]);
  }
  if(elem) {
    if(res == 0) elem.innerHTML = msg1; else elem.innerHTML = msg2;
  }

}

function toggleAllBoxes() {
  if (document.getElementsByTagName) {
    d = document.getElementsByTagName('div');
    for (i = 0; i < d.length; i++) {
      if (d[i].className == 'log') {
        flip(d[i]);
      }
    }
  }
}

// -->
</script>

</head>
<body>
<h2 align='center'>TestNGFullFeatureTest</h2><table border='1' align="center">
<tr>
<td>Tests passed/Failed/Skipped:</td><td>8/1/1</td>
</tr><tr>
<td>Started on:</td><td>Sun May 18 21:03:54 IST 2025</td>
</tr>
<tr><td>Total time:</td><td>0 seconds (36 ms)</td>
</tr><tr>
<td>Included groups:</td><td></td>
</tr><tr>
<td>Excluded groups:</td><td></td>
</tr>
</table><p/>
<small><i>(Hover the method name to see the test class name)</i></small><p/>
<table width='100%' border='1' class='invocation-failed'>
<tr><td colspan='4' align='center'><b>FAILED TESTS</b></td></tr>
<tr><td><b>Test method</b></td>
<td><b>Attribute(s)</b></td>
<td width="30%"><b>Exception</b></td>
<td width="10%"><b>Time (seconds)</b></td>
<td><b>Instance</b></td>
</tr>
<tr>
<td title='testcases.TestNGexamples.LearningTestNGSampleTest.softAssertExample()'><b>softAssertExample</b><br>Test class: testcases.TestNGexamples.LearningTestNGSampleTest<br/>
<a href="#Output-1984513847" onClick='toggleBox("Output-1984513847", this, "Show output", "Hide output");'>Show output</a>

<a href="#Output-1984513847" onClick="toggleAllBoxes();">Show all outputs</a>
<div class='log' id="Output-1984513847">
SoftAssert Example Test<br/>
</div>
</td>
<td><div><pre>java.lang.AssertionError: The following asserts failed:
	Case mismatch expected [hello] but found [Hello],
	Expected condition failed expected [true] but found [false]
	at org.testng.asserts.SoftAssert.assertAll(SoftAssert.java:46)
	at org.testng.asserts.SoftAssert.assertAll(SoftAssert.java:30)
	at testcases.TestNGexamples.LearningTestNGSampleTest.softAssertExample(LearningTestNGSampleTest.java:86)
	at java.base/jdk.internal.reflect.DirectMethodHandleAccessor.invoke(DirectMethodHandleAccessor.java:103)
	at java.base/java.lang.reflect.Method.invoke(Method.java:580)
	at org.testng.internal.invokers.MethodInvocationHelper.invokeMethod(MethodInvocationHelper.java:141)
	at org.testng.internal.invokers.TestInvoker.invokeMethod(TestInvoker.java:686)
	at org.testng.internal.invokers.TestInvoker.invokeTestMethod(TestInvoker.java:230)
	at org.testng.internal.invokers.MethodRunner.runInSequence(MethodRunner.java:63)
	at org.testng.internal.invokers.TestInvoker$MethodInvocationAgent.invoke(TestInvoker.java:992)
	at org.testng.internal.invokers.TestInvoker.invokeTestMethods(TestInvoker.java:203)
	at org.testng.internal.invokers.TestMethodWorker.invokeTestMethods(TestMethodWorker.java:154)
	at org.testng.internal.invokers.TestMethodWorker.run(TestMethodWorker.java:134)
	at java.base/java.util.ArrayList.forEach(ArrayList.java:1596)
	at org.testng.TestRunner.privateRun(TestRunner.java:739)
	at org.testng.TestRunner.run(TestRunner.java:614)
	at org.testng.SuiteRunner.runTest(SuiteRunner.java:421)
	at org.testng.SuiteRunner.runSequentially(SuiteRunner.java:413)
	at org.testng.SuiteRunner.privateRun(SuiteRunner.java:373)
	at org.testng.SuiteRunner.run(SuiteRunner.java:312)
	at org.testng.SuiteRunnerWorker.runSuite(SuiteRunnerWorker.java:52)
	at org.testng.SuiteRunnerWorker.run(SuiteRunnerWorker.java:95)
	at org.testng.TestNG.runSuitesSequentially(TestNG.java:1274)
	at org.testng.TestNG.runSuitesLocally(TestNG.java:1208)
	at org.testng.TestNG.runSuites(TestNG.java:1112)
	at org.testng.TestNG.run(TestNG.java:1079)
	at org.testng.remote.AbstractRemoteTestNG.run(AbstractRemoteTestNG.java:115)
	at org.testng.remote.RemoteTestNG.initAndRun(RemoteTestNG.java:293)
	at org.testng.remote.RemoteTestNG.main(RemoteTestNG.java:91)
</pre></div><a href='#' onClick='toggleBox("stack-trace1984513847", this, "Click to show all stack frames", "Click to hide stack frames")'>Click to show all stack frames</a>
<div class='stack-trace' id='stack-trace1984513847'><pre>java.lang.AssertionError: The following asserts failed:
	Case mismatch expected [hello] but found [Hello],
	Expected condition failed expected [true] but found [false]
	at org.testng.asserts.SoftAssert.assertAll(SoftAssert.java:46)
	at org.testng.asserts.SoftAssert.assertAll(SoftAssert.java:30)
	at testcases.TestNGexamples.LearningTestNGSampleTest.softAssertExample(LearningTestNGSampleTest.java:86)
	at java.base/jdk.internal.reflect.DirectMethodHandleAccessor.invoke(DirectMethodHandleAccessor.java:103)
	at java.base/java.lang.reflect.Method.invoke(Method.java:580)
	at org.testng.internal.invokers.MethodInvocationHelper.invokeMethod(MethodInvocationHelper.java:141)
	at org.testng.internal.invokers.TestInvoker.invokeMethod(TestInvoker.java:686)
	at org.testng.internal.invokers.TestInvoker.invokeTestMethod(TestInvoker.java:230)
	at org.testng.internal.invokers.MethodRunner.runInSequence(MethodRunner.java:63)
	at org.testng.internal.invokers.TestInvoker$MethodInvocationAgent.invoke(TestInvoker.java:992)
	at org.testng.internal.invokers.TestInvoker.invokeTestMethods(TestInvoker.java:203)
	at org.testng.internal.invokers.TestMethodWorker.invokeTestMethods(TestMethodWorker.java:154)
	at org.testng.internal.invokers.TestMethodWorker.run(TestMethodWorker.java:134)
	at java.base/java.util.ArrayList.forEach(ArrayList.java:1596)
	at org.testng.TestRunner.privateRun(TestRunner.java:739)
	at org.testng.TestRunner.run(TestRunner.java:614)
	at org.testng.SuiteRunner.runTest(SuiteRunner.java:421)
	at org.testng.SuiteRunner.runSequentially(SuiteRunner.java:413)
	at org.testng.SuiteRunner.privateRun(SuiteRunner.java:373)
	at org.testng.SuiteRunner.run(SuiteRunner.java:312)
	at org.testng.SuiteRunnerWorker.runSuite(SuiteRunnerWorker.java:52)
	at org.testng.SuiteRunnerWorker.run(SuiteRunnerWorker.java:95)
	at org.testng.TestNG.runSuitesSequentially(TestNG.java:1274)
	at org.testng.TestNG.runSuitesLocally(TestNG.java:1208)
	at org.testng.TestNG.runSuites(TestNG.java:1112)
	at org.testng.TestNG.run(TestNG.java:1079)
	at org.testng.remote.AbstractRemoteTestNG.run(AbstractRemoteTestNG.java:115)
	at org.testng.remote.RemoteTestNG.initAndRun(RemoteTestNG.java:293)
	at org.testng.remote.RemoteTestNG.main(RemoteTestNG.java:91)
</pre></div></td>
<td>0</td>
<td>testcases.TestNGexamples.LearningTestNGSampleTest@2cd2a21f</td></tr>
</table><p>
<table width='100%' border='1' class='invocation-passed'>
<tr><td colspan='4' align='center'><b>PASSED TESTS</b></td></tr>
<tr><td><b>Test method</b></td>
<td><b>Attribute(s)</b></td>
<td width="30%"><b>Exception</b></td>
<td width="10%"><b>Time (seconds)</b></td>
<td><b>Instance</b></td>
</tr>
<tr>
<td title='testcases.TestNGexamples.LearningTestNGSampleTest.loginWithMultipleUsers()'><b>loginWithMultipleUsers</b><br>Test class: testcases.TestNGexamples.LearningTestNGSampleTest<br>Parameters: user2, pass2<br/>
<a href="#Output-2050339061" onClick='toggleBox("Output-2050339061", this, "Show output", "Hide output");'>Show output</a>

<a href="#Output-2050339061" onClick="toggleAllBoxes();">Show all outputs</a>
<div class='log' id="Output-2050339061">
Testing login with user: user2<br/>
</div>
</td>
<td></td>
<td>0</td>
<td>testcases.TestNGexamples.LearningTestNGSampleTest@2cd2a21f</td></tr>
<tr>
<td title='testcases.TestNGexamples.LearningTestNGSampleTest.loginWithMultipleUsers()'><b>loginWithMultipleUsers</b><br>Test class: testcases.TestNGexamples.LearningTestNGSampleTest<br>Parameters: user1, pass1<br/>
<a href="#Output-138776324" onClick='toggleBox("Output-138776324", this, "Show output", "Hide output");'>Show output</a>

<a href="#Output-138776324" onClick="toggleAllBoxes();">Show all outputs</a>
<div class='log' id="Output-138776324">
Testing login with user: user1<br/>
</div>
</td>
<td></td>
<td>0</td>
<td>testcases.TestNGexamples.LearningTestNGSampleTest@2cd2a21f</td></tr>
<tr>
<td title='testcases.TestNGexamples.LearningTestNGSampleTest.loginTest()'><b>loginTest</b><br>Test class: testcases.TestNGexamples.LearningTestNGSampleTest<br/>
<a href="#Output-429075478" onClick='toggleBox("Output-429075478", this, "Show output", "Hide output");'>Show output</a>

<a href="#Output-429075478" onClick="toggleAllBoxes();">Show all outputs</a>
<div class='log' id="Output-429075478">
Login Test<br/>
</div>
</td>
<td></td>
<td>0</td>
<td>testcases.TestNGexamples.LearningTestNGSampleTest@2cd2a21f</td></tr>
<tr>
<td title='testcases.TestNGexamples.LearningTestNGSampleTest.alwaysRunExample()'><b>alwaysRunExample</b><br>Test class: testcases.TestNGexamples.LearningTestNGSampleTest<br/>
<a href="#Output-1715248762" onClick='toggleBox("Output-1715248762", this, "Show output", "Hide output");'>Show output</a>

<a href="#Output-1715248762" onClick="toggleAllBoxes();">Show all outputs</a>
<div class='log' id="Output-1715248762">
This test always runs even if dependent methods fail<br/>
</div>
</td>
<td></td>
<td>0</td>
<td>testcases.TestNGexamples.LearningTestNGSampleTest@2cd2a21f</td></tr>
<tr>
<td title='testcases.TestNGexamples.LearningTestNGSampleTest.loginWithMultipleUsers()'><b>loginWithMultipleUsers</b><br>Test class: testcases.TestNGexamples.LearningTestNGSampleTest<br>Parameters: user3, pass3<br/>
<a href="#Output-214187874" onClick='toggleBox("Output-214187874", this, "Show output", "Hide output");'>Show output</a>

<a href="#Output-214187874" onClick="toggleAllBoxes();">Show all outputs</a>
<div class='log' id="Output-214187874">
Testing login with user: user3<br/>
</div>
</td>
<td></td>
<td>0</td>
<td>testcases.TestNGexamples.LearningTestNGSampleTest@2cd2a21f</td></tr>
<tr>
<td title='testcases.TestNGexamples.LearningTestNGSampleTest.testBasic()'><b>testBasic</b><br>Test class: testcases.TestNGexamples.LearningTestNGSampleTest<br/>
<a href="#Output-402405659" onClick='toggleBox("Output-402405659", this, "Show output", "Hide output");'>Show output</a>

<a href="#Output-402405659" onClick="toggleAllBoxes();">Show all outputs</a>
<div class='log' id="Output-402405659">
Running Basic Test<br/>
</div>
</td>
<td></td>
<td>0</td>
<td>testcases.TestNGexamples.LearningTestNGSampleTest@2cd2a21f</td></tr>
<tr>
<td title='testcases.TestNGexamples.LearningTestNGSampleTest.browserTest()'><b>browserTest</b><br>Test class: testcases.TestNGexamples.LearningTestNGSampleTest<br>Parameters: chrome<br/>
<a href="#Output-426394307" onClick='toggleBox("Output-426394307", this, "Show output", "Hide output");'>Show output</a>

<a href="#Output-426394307" onClick="toggleAllBoxes();">Show all outputs</a>
<div class='log' id="Output-426394307">
Browser received from testng.xml: chrome<br/>
</div>
</td>
<td></td>
<td>0</td>
<td>testcases.TestNGexamples.LearningTestNGSampleTest@2cd2a21f</td></tr>
<tr>
<td title='testcases.TestNGexamples.LearningTestNGSampleTest.dashboardTest()'><b>dashboardTest</b><br>Test class: testcases.TestNGexamples.LearningTestNGSampleTest<br/>
<a href="#Output-1916575798" onClick='toggleBox("Output-1916575798", this, "Show output", "Hide output");'>Show output</a>

<a href="#Output-1916575798" onClick="toggleAllBoxes();">Show all outputs</a>
<div class='log' id="Output-1916575798">
Dashboard Test - depends on loginTest<br/>
</div>
</td>
<td></td>
<td>0</td>
<td>testcases.TestNGexamples.LearningTestNGSampleTest@2cd2a21f</td></tr>
</table><p>
<table width='100%' border='1' class='invocation-skipped'>
<tr><td colspan='4' align='center'><b>SKIPPED TESTS</b></td></tr>
<tr><td><b>Test method</b></td>
<td><b>Attribute(s)</b></td>
<td width="30%"><b>Exception</b></td>
<td width="10%"><b>Time (seconds)</b></td>
<td><b>Instance</b></td>
</tr>
<tr>
<td title='testcases.TestNGexamples.LearningTestNGSampleTest.skippedTest()'><b>skippedTest</b><br>Test class: testcases.TestNGexamples.LearningTestNGSampleTest<br/>
<a href="#Output-384515747" onClick='toggleBox("Output-384515747", this, "Show output", "Hide output");'>Show output</a>

<a href="#Output-384515747" onClick="toggleAllBoxes();">Show all outputs</a>
<div class='log' id="Output-384515747">
This test will be skipped manually<br/>
</div>
</td>
<td><div><pre>org.testng.SkipException: Skipping this test intentionally.
	at testcases.TestNGexamples.LearningTestNGSampleTest.skippedTest(LearningTestNGSampleTest.java:93)
	at java.base/jdk.internal.reflect.DirectMethodHandleAccessor.invoke(DirectMethodHandleAccessor.java:103)
	at java.base/java.lang.reflect.Method.invoke(Method.java:580)
	at org.testng.internal.invokers.MethodInvocationHelper.invokeMethod(MethodInvocationHelper.java:141)
	at org.testng.internal.invokers.TestInvoker.invokeMethod(TestInvoker.java:686)
	at org.testng.internal.invokers.TestInvoker.invokeTestMethod(TestInvoker.java:230)
	at org.testng.internal.invokers.MethodRunner.runInSequence(MethodRunner.java:63)
	at org.testng.internal.invokers.TestInvoker$MethodInvocationAgent.invoke(TestInvoker.java:992)
	at org.testng.internal.invokers.TestInvoker.invokeTestMethods(TestInvoker.java:203)
	at org.testng.internal.invokers.TestMethodWorker.invokeTestMethods(TestMethodWorker.java:154)
	at org.testng.internal.invokers.TestMethodWorker.run(TestMethodWorker.java:134)
	at java.base/java.util.ArrayList.forEach(ArrayList.java:1596)
	at org.testng.TestRunner.privateRun(TestRunner.java:739)
	at org.testng.TestRunner.run(TestRunner.java:614)
	at org.testng.SuiteRunner.runTest(SuiteRunner.java:421)
	at org.testng.SuiteRunner.runSequentially(SuiteRunner.java:413)
	at org.testng.SuiteRunner.privateRun(SuiteRunner.java:373)
	at org.testng.SuiteRunner.run(SuiteRunner.java:312)
	at org.testng.SuiteRunnerWorker.runSuite(SuiteRunnerWorker.java:52)
	at org.testng.SuiteRunnerWorker.run(SuiteRunnerWorker.java:95)
	at org.testng.TestNG.runSuitesSequentially(TestNG.java:1274)
	at org.testng.TestNG.runSuitesLocally(TestNG.java:1208)
	at org.testng.TestNG.runSuites(TestNG.java:1112)
	at org.testng.TestNG.run(TestNG.java:1079)
	at org.testng.remote.AbstractRemoteTestNG.run(AbstractRemoteTestNG.java:115)
	at org.testng.remote.RemoteTestNG.initAndRun(RemoteTestNG.java:293)
	at org.testng.remote.RemoteTestNG.main(RemoteTestNG.java:91)
</pre></div><a href='#' onClick='toggleBox("stack-trace384515747", this, "Click to show all stack frames", "Click to hide stack frames")'>Click to show all stack frames</a>
<div class='stack-trace' id='stack-trace384515747'><pre>org.testng.SkipException: Skipping this test intentionally.
	at testcases.TestNGexamples.LearningTestNGSampleTest.skippedTest(LearningTestNGSampleTest.java:93)
	at java.base/jdk.internal.reflect.DirectMethodHandleAccessor.invoke(DirectMethodHandleAccessor.java:103)
	at java.base/java.lang.reflect.Method.invoke(Method.java:580)
	at org.testng.internal.invokers.MethodInvocationHelper.invokeMethod(MethodInvocationHelper.java:141)
	at org.testng.internal.invokers.TestInvoker.invokeMethod(TestInvoker.java:686)
	at org.testng.internal.invokers.TestInvoker.invokeTestMethod(TestInvoker.java:230)
	at org.testng.internal.invokers.MethodRunner.runInSequence(MethodRunner.java:63)
	at org.testng.internal.invokers.TestInvoker$MethodInvocationAgent.invoke(TestInvoker.java:992)
	at org.testng.internal.invokers.TestInvoker.invokeTestMethods(TestInvoker.java:203)
	at org.testng.internal.invokers.TestMethodWorker.invokeTestMethods(TestMethodWorker.java:154)
	at org.testng.internal.invokers.TestMethodWorker.run(TestMethodWorker.java:134)
	at java.base/java.util.ArrayList.forEach(ArrayList.java:1596)
	at org.testng.TestRunner.privateRun(TestRunner.java:739)
	at org.testng.TestRunner.run(TestRunner.java:614)
	at org.testng.SuiteRunner.runTest(SuiteRunner.java:421)
	at org.testng.SuiteRunner.runSequentially(SuiteRunner.java:413)
	at org.testng.SuiteRunner.privateRun(SuiteRunner.java:373)
	at org.testng.SuiteRunner.run(SuiteRunner.java:312)
	at org.testng.SuiteRunnerWorker.runSuite(SuiteRunnerWorker.java:52)
	at org.testng.SuiteRunnerWorker.run(SuiteRunnerWorker.java:95)
	at org.testng.TestNG.runSuitesSequentially(TestNG.java:1274)
	at org.testng.TestNG.runSuitesLocally(TestNG.java:1208)
	at org.testng.TestNG.runSuites(TestNG.java:1112)
	at org.testng.TestNG.run(TestNG.java:1079)
	at org.testng.remote.AbstractRemoteTestNG.run(AbstractRemoteTestNG.java:115)
	at org.testng.remote.RemoteTestNG.initAndRun(RemoteTestNG.java:293)
	at org.testng.remote.RemoteTestNG.main(RemoteTestNG.java:91)
</pre></div></td>
<td>0</td>
<td>testcases.TestNGexamples.LearningTestNGSampleTest@2cd2a21f</td></tr>
</table><p>
</body>
</html>